6. AllPay/GC+MM+UNICOM+CTE/GC+MM+UNICOM+CTE/Demo/proguard/seeds.txt
com.unicom.dcLoader.IIIIIIIlIlIIIllI
com.unicom.dcLoader.IIIIIIIlIlIIIllI: com.unicom.dcLoader.Utils _$1
com.unicom.dcLoader.IIIIIIIlIlIIIllI: IIIIIIIlIlIIIllI(com.unicom.dcLoader.Utils)
com.unicom.dcLoader.IIIIIIIlIlIIIllI: void handleMessage(android.os.Message)
com.unicom.dcLoader.IlIlIlIlllIIIllI
com.unicom.dcLoader.IlIlIlIlllIIIllI: com.unicom.dcLoader.HttpHelper$RequestListener _$2
com.unicom.dcLoader.IlIlIlIlllIIIllI: com.unicom.dcLoader.HttpHelper _$1
com.unicom.dcLoader.IlIlIlIlllIIIllI: IlIlIlIlllIIIllI(com.unicom.dcLoader.HttpHelper,com.unicom.dcLoader.HttpHelper$RequestListener)
com.unicom.dcLoader.IlIlIlIlllIIIllI: void run()
com.unicom.dcLoader.MainActivity
com.unicom.dcLoader.MainActivity: android.widget.Button _$1
com.unicom.dcLoader.MainActivity: MainActivity()
com.unicom.dcLoader.MainActivity: void onCreate(android.os.Bundle)
com.unicom.dcLoader.MainActivity$PayResultListener
com.unicom.dcLoader.MainActivity$PayResultListener: com.unicom.dcLoader.MainActivity _$1
com.unicom.dcLoader.MainActivity$PayResultListener: MainActivity$PayResultListener(com.unicom.dcLoader.MainActivity)
com.unicom.dcLoader.MainActivity$PayResultListener: void PayResult(java.lang.String,int,java.lang.String)
com.unicom.dcLoader.R
com.unicom.dcLoader.R: R()
com.unicom.dcLoader.R$attr
com.unicom.dcLoader.R$attr: R$attr()
com.unicom.dcLoader.R$dimen
com.unicom.dcLoader.R$dimen: int activity_horizontal_margin
com.unicom.dcLoader.R$dimen: int activity_vertical_margin
com.unicom.dcLoader.R$dimen: R$dimen()
com.unicom.dcLoader.R$drawable
com.unicom.dcLoader.R$drawable: int ic_launcher
com.unicom.dcLoader.R$drawable: R$drawable()
com.unicom.dcLoader.R$id
com.unicom.dcLoader.R$id: int action_settings
com.unicom.dcLoader.R$id: int test1
com.unicom.dcLoader.R$id: R$id()
com.unicom.dcLoader.R$layout
com.unicom.dcLoader.R$layout: int activity_main
com.unicom.dcLoader.R$layout: R$layout()
com.unicom.dcLoader.R$menu
com.unicom.dcLoader.R$menu: int main
com.unicom.dcLoader.R$menu: R$menu()
com.unicom.dcLoader.R$string
com.unicom.dcLoader.R$string: int action_settings
com.unicom.dcLoader.R$string: int app_name
com.unicom.dcLoader.R$string: int hello_world
com.unicom.dcLoader.R$string: R$string()
com.unicom.dcLoader.R$style
com.unicom.dcLoader.R$style: int AppBaseTheme
com.unicom.dcLoader.R$style: int AppTheme
com.unicom.dcLoader.R$style: R$style()
com.unicom.dcLoader.Utils
com.unicom.dcLoader.Utils: int SUCCESS
com.unicom.dcLoader.Utils: int FAILED
com.unicom.dcLoader.Utils: int CANCEL
com.unicom.dcLoader.Utils: int OTHERPAY
com.unicom.dcLoader.Utils: int ALIPAY_WAP
com.unicom.dcLoader.Utils: int SUCCESS_SMS
com.unicom.dcLoader.Utils: int SUCCESS_3RDPAY
com.unicom.dcLoader.Utils: java.lang.String _$16
com.unicom.dcLoader.Utils: java.lang.String _$15
com.unicom.dcLoader.Utils: java.lang.String _$14
com.unicom.dcLoader.Utils: java.lang.String _$13
com.unicom.dcLoader.Utils: java.lang.String _$12
com.unicom.dcLoader.Utils: boolean _$11
com.unicom.dcLoader.Utils: boolean _$10
com.unicom.dcLoader.Utils: com.unicom.dcLoader.Utils$UnipayPayResultListener _$9
com.unicom.dcLoader.Utils: android.content.Context _$8
com.unicom.dcLoader.Utils: java.lang.String _$7
com.unicom.dcLoader.Utils: java.lang.Object _$6
com.unicom.dcLoader.Utils: java.lang.Object _$5
com.unicom.dcLoader.Utils: boolean _$4
com.unicom.dcLoader.Utils: dalvik.system.DexClassLoader _$3
com.unicom.dcLoader.Utils: com.unicom.dcLoader.Utils _$2
com.unicom.dcLoader.Utils: android.os.Handler _$1
com.unicom.dcLoader.Utils: Utils()
com.unicom.dcLoader.Utils: com.unicom.dcLoader.Utils getInstances()
com.unicom.dcLoader.Utils: void init(android.content.Context,java.lang.String,java.lang.String,java.lang.String,java.lang.String,java.lang.String,java.lang.String,java.lang.String,com.unicom.dcLoader.Utils$UnipayPayResultListener)
com.unicom.dcLoader.Utils: int _$3()