6. AllPay/GC+MM+UNICOM+CTE/GC+MM+UNICOM+CTE/Demo/proguard/mapping.txt
com.unipay.upompsdk.XmlDefinition -> com.unipay.upompsdk.XmlDefinition:
    14:184:java.lang.String ReturnXml(java.lang.String,int) -> ReturnXml
mm.sms.purchasesdk.OnSMSPurchaseListener -> mm.sms.purchasesdk.OnSMSPurchaseListener:
    java.lang.String PAYCODE -> PAYCODE
    java.lang.String TRADEID -> TRADEID
    void onBillingFinish(int,java.util.HashMap) -> onBillingFinish
    void onInitFinish(int) -> onInitFinish
mm.sms.purchasesdk.PurchaseCode -> mm.sms.purchasesdk.PurchaseCode:
    int INIT_OK -> INIT_OK
    int ORDER_OK -> ORDER_OK
    int UNKNOWN_ERR -> UNKNOWN_ERR
    int NOT_CMCC_ERR -> NOT_CMCC_ERR
    int PARAMETER_ERR -> PARAMETER_ERR
    int NOGSM_ERR -> NOGSM_ERR
    int INIT_TEST_APK -> INIT_TEST_APK
    int INIT_NO_ACTIVE -> INIT_NO_ACTIVE
    int INIT_NOT_CMCC -> INIT_NOT_CMCC
    int INIT_IMEI_ERR -> INIT_IMEI_ERR
    int INIT_SID_ERR -> INIT_SID_ERR
    int INIT_IMSI_ERR -> INIT_IMSI_ERR
    int INIT_PUBKEY_ERR -> INIT_PUBKEY_ERR
    int INIT_SMS_ERR -> INIT_SMS_ERR
    int INIT_CHECK_ERR -> INIT_CHECK_ERR
    int INIT_EXCEPTION -> INIT_EXCEPTION
    int INIT_OTHER_ERR -> INIT_OTHER_ERR
    int INIT_TIMEOUT -> INIT_TIMEOUT
    int BILL_XML_PARSE_ERR -> BILL_XML_PARSE_ERR
    int BILL_CANCEL_FAIL -> BILL_CANCEL_FAIL
    int BILL_NOORDER -> BILL_NOORDER
    int BILL_DIALOG_SHOWERROR -> BILL_DIALOG_SHOWERROR
    int BILL_INVALID_APP -> BILL_INVALID_APP
    int BILL_INVALID_SIGN -> BILL_INVALID_SIGN
    int BILL_INVALID_SIDSIGN -> BILL_INVALID_SIDSIGN
    int BILL_UNDEFINED_ERROR -> BILL_UNDEFINED_ERROR
    int BILL_SDK_ERROR -> BILL_SDK_ERROR
    int BILL_PAYCODE_ERR -> BILL_PAYCODE_ERR
    int BILL_PAYCODE_NULL -> BILL_PAYCODE_NULL
    int BILL_APP_SO_ERR -> BILL_APP_SO_ERR
    int BILL_APP_ERR -> BILL_APP_ERR
    int BILL_SMS_ERR -> BILL_SMS_ERR
    int ORDER_OK_TIMEOUT -> ORDER_OK_TIMEOUT
    int ORDER_OMP_ERR -> ORDER_OMP_ERR
mm.sms.purchasesdk.PurchaseSkin -> mm.sms.purchasesdk.PurchaseSkin:
    int SKIN_SYSTEM_ONE -> SKIN_SYSTEM_ONE
    int SKIN_SYSTEM_TWO -> SKIN_SYSTEM_TWO
    int SKIN_SYSTEM_THREE -> SKIN_SYSTEM_THREE
mm.sms.purchasesdk.SMSPurchase -> mm.sms.purchasesdk.SMSPurchase:
    java.lang.String TAG -> TAG
    mm.sms.purchasesdk.SMSPurchase a -> a
    mm.sms.purchasesdk.e a -> a
    android.os.Handler b -> b
    android.os.Handler a -> a
    android.os.HandlerThread a -> a
    mm.sms.purchasesdk.sms.SMSReceiver a -> a
    mm.sms.purchasesdk.SMSPurchase getInstance() -> getInstance
    void setAppInfo(java.lang.String,java.lang.String) -> setAppInfo
    void setAppInfo(java.lang.String,java.lang.String,int) -> setAppInfo
    java.lang.String getDescription(int) -> getDescription
    java.lang.String getReason(int) -> getReason
    void smsInit(android.content.Context,mm.sms.purchasesdk.OnSMSPurchaseListener) -> smsInit
    void smsOrder(android.content.Context,java.lang.String,mm.sms.purchasesdk.OnSMSPurchaseListener) -> smsOrder
    void smsOrder(android.content.Context,java.lang.String,mm.sms.purchasesdk.OnSMSPurchaseListener,java.lang.String) -> smsOrder
    void a(android.content.Context,java.lang.String,int,boolean,mm.sms.purchasesdk.OnSMSPurchaseListener,java.lang.String) -> a
    void a(android.content.Context) -> a
    void b(android.content.Context) -> b
    android.os.Handler a(mm.sms.purchasesdk.SMSPurchase) -> a
    android.os.Handler b(mm.sms.purchasesdk.SMSPurchase) -> b
mm.sms.purchasesdk.a -> mm.sms.purchasesdk.a:
    java.lang.String b -> b
    java.lang.String c -> c